Analysis & Synthesis report for parallel_decoder
Sun Nov 13 22:58:36 2022
Quartus Prime Version 19.1.0 Build 670 09/22/2019 SJ Lite Edition


---------------------
; Table of Contents ;
---------------------
  1. Legal Notice
  2. Analysis & Synthesis Summary
  3. Analysis & Synthesis Settings
  4. Parallel Compilation
  5. Analysis & Synthesis Source Files Read
  6. Analysis & Synthesis Resource Usage Summary
  7. Analysis & Synthesis Resource Utilization by Entity
  8. General Register Statistics
  9. Port Connectivity Checks: "popCounter_8bit:pop"
 10. Port Connectivity Checks: "partial_encoder:part_encoder"
 11. Post-Synthesis Netlist Statistics for Top Partition
 12. Elapsed Time Per Partition
 13. Analysis & Synthesis Messages



----------------
; Legal Notice ;
----------------
Copyright (C) 2019  Intel Corporation. All rights reserved.
Your use of Intel Corporation's design tools, logic functions 
and other software and tools, and any partner logic 
functions, and any output files from any of the foregoing 
(including device programming or simulation files), and any 
associated documentation or information are expressly subject 
to the terms and conditions of the Intel Program License 
Subscription Agreement, the Intel Quartus Prime License Agreement,
the Intel FPGA IP License Agreement, or other applicable license
agreement, including, without limitation, that your use is for
the sole purpose of programming logic devices manufactured by
Intel and sold by Intel or its authorized distributors.  Please
refer to the applicable agreement for further details, at
https://fpgasoftware.intel.com/eula.



+----------------------------------------------------------------------------------+
; Analysis & Synthesis Summary                                                     ;
+------------------------------------+---------------------------------------------+
; Analysis & Synthesis Status        ; Successful - Sun Nov 13 22:58:36 2022       ;
; Quartus Prime Version              ; 19.1.0 Build 670 09/22/2019 SJ Lite Edition ;
; Revision Name                      ; parallel_decoder                            ;
; Top-level Entity Name              ; parallel_decoder                            ;
; Family                             ; Cyclone IV E                                ;
; Total logic elements               ; 34                                          ;
;     Total combinational functions  ; 34                                          ;
;     Dedicated logic registers      ; 0                                           ;
; Total registers                    ; 0                                           ;
; Total pins                         ; 13                                          ;
; Total virtual pins                 ; 0                                           ;
; Total memory bits                  ; 0                                           ;
; Embedded Multiplier 9-bit elements ; 0                                           ;
; Total PLLs                         ; 0                                           ;
+------------------------------------+---------------------------------------------+


+------------------------------------------------------------------------------------------------------------+
; Analysis & Synthesis Settings                                                                              ;
+------------------------------------------------------------------+--------------------+--------------------+
; Option                                                           ; Setting            ; Default Value      ;
+------------------------------------------------------------------+--------------------+--------------------+
; Top-level entity name                                            ; parallel_decoder   ; parallel_decoder   ;
; Family name                                                      ; Cyclone IV E       ; Cyclone V          ;
; Use smart compilation                                            ; Off                ; Off                ;
; Enable parallel Assembler and Timing Analyzer during compilation ; On                 ; On                 ;
; Enable compact report table                                      ; Off                ; Off                ;
; Restructure Multiplexers                                         ; Auto               ; Auto               ;
; Create Debugging Nodes for IP Cores                              ; Off                ; Off                ;
; Preserve fewer node names                                        ; On                 ; On                 ;
; Intel FPGA IP Evaluation Mode                                    ; Enable             ; Enable             ;
; Verilog Version                                                  ; Verilog_2001       ; Verilog_2001       ;
; VHDL Version                                                     ; VHDL_1993          ; VHDL_1993          ;
; State Machine Processing                                         ; Auto               ; Auto               ;
; Safe State Machine                                               ; Off                ; Off                ;
; Extract Verilog State Machines                                   ; On                 ; On                 ;
; Extract VHDL State Machines                                      ; On                 ; On                 ;
; Ignore Verilog initial constructs                                ; Off                ; Off                ;
; Iteration limit for constant Verilog loops                       ; 5000               ; 5000               ;
; Iteration limit for non-constant Verilog loops                   ; 250                ; 250                ;
; Add Pass-Through Logic to Inferred RAMs                          ; On                 ; On                 ;
; Infer RAMs from Raw Logic                                        ; On                 ; On                 ;
; Parallel Synthesis                                               ; On                 ; On                 ;
; DSP Block Balancing                                              ; Auto               ; Auto               ;
; NOT Gate Push-Back                                               ; On                 ; On                 ;
; Power-Up Don't Care                                              ; On                 ; On                 ;
; Remove Redundant Logic Cells                                     ; Off                ; Off                ;
; Remove Duplicate Registers                                       ; On                 ; On                 ;
; Ignore CARRY Buffers                                             ; Off                ; Off                ;
; Ignore CASCADE Buffers                                           ; Off                ; Off                ;
; Ignore GLOBAL Buffers                                            ; Off                ; Off                ;
; Ignore ROW GLOBAL Buffers                                        ; Off                ; Off                ;
; Ignore LCELL Buffers                                             ; Off                ; Off                ;
; Ignore SOFT Buffers                                              ; On                 ; On                 ;
; Limit AHDL Integers to 32 Bits                                   ; Off                ; Off                ;
; Optimization Technique                                           ; Balanced           ; Balanced           ;
; Carry Chain Length                                               ; 70                 ; 70                 ;
; Auto Carry Chains                                                ; On                 ; On                 ;
; Auto Open-Drain Pins                                             ; On                 ; On                 ;
; Perform WYSIWYG Primitive Resynthesis                            ; Off                ; Off                ;
; Auto ROM Replacement                                             ; On                 ; On                 ;
; Auto RAM Replacement                                             ; On                 ; On                 ;
; Auto DSP Block Replacement                                       ; On                 ; On                 ;
; Auto Shift Register Replacement                                  ; Auto               ; Auto               ;
; Allow Shift Register Merging across Hierarchies                  ; Auto               ; Auto               ;
; Auto Clock Enable Replacement                                    ; On                 ; On                 ;
; Strict RAM Replacement                                           ; Off                ; Off                ;
; Allow Synchronous Control Signals                                ; On                 ; On                 ;
; Force Use of Synchronous Clear Signals                           ; Off                ; Off                ;
; Auto RAM Block Balancing                                         ; On                 ; On                 ;
; Auto RAM to Logic Cell Conversion                                ; Off                ; Off                ;
; Auto Resource Sharing                                            ; Off                ; Off                ;
; Allow Any RAM Size For Recognition                               ; Off                ; Off                ;
; Allow Any ROM Size For Recognition                               ; Off                ; Off                ;
; Allow Any Shift Register Size For Recognition                    ; Off                ; Off                ;
; Use LogicLock Constraints during Resource Balancing              ; On                 ; On                 ;
; Ignore translate_off and synthesis_off directives                ; Off                ; Off                ;
; Timing-Driven Synthesis                                          ; On                 ; On                 ;
; Report Parameter Settings                                        ; On                 ; On                 ;
; Report Source Assignments                                        ; On                 ; On                 ;
; Report Connectivity Checks                                       ; On                 ; On                 ;
; Ignore Maximum Fan-Out Assignments                               ; Off                ; Off                ;
; Synchronization Register Chain Length                            ; 2                  ; 2                  ;
; Power Optimization During Synthesis                              ; Normal compilation ; Normal compilation ;
; HDL message level                                                ; Level2             ; Level2             ;
; Suppress Register Optimization Related Messages                  ; Off                ; Off                ;
; Number of Removed Registers Reported in Synthesis Report         ; 5000               ; 5000               ;
; Number of Swept Nodes Reported in Synthesis Report               ; 5000               ; 5000               ;
; Number of Inverted Registers Reported in Synthesis Report        ; 100                ; 100                ;
; Clock MUX Protection                                             ; On                 ; On                 ;
; Auto Gated Clock Conversion                                      ; Off                ; Off                ;
; Block Design Naming                                              ; Auto               ; Auto               ;
; SDC constraint protection                                        ; Off                ; Off                ;
; Synthesis Effort                                                 ; Auto               ; Auto               ;
; Shift Register Replacement - Allow Asynchronous Clear Signal     ; On                 ; On                 ;
; Pre-Mapping Resynthesis Optimization                             ; Off                ; Off                ;
; Analysis & Synthesis Message Level                               ; Medium             ; Medium             ;
; Disable Register Merging Across Hierarchies                      ; Auto               ; Auto               ;
; Resource Aware Inference For Block RAM                           ; On                 ; On                 ;
+------------------------------------------------------------------+--------------------+--------------------+


+------------------------------------------+
; Parallel Compilation                     ;
+----------------------------+-------------+
; Processors                 ; Number      ;
+----------------------------+-------------+
; Number detected on machine ; 12          ;
; Maximum allowed            ; 6           ;
;                            ;             ;
; Average used               ; 1.00        ;
; Maximum used               ; 1           ;
;                            ;             ;
; Usage by Processor         ; % Time Used ;
;     Processor 1            ; 100.0%      ;
+----------------------------+-------------+


+-----------------------------------------------------------------------------------------------------------------------------------------------+
; Analysis & Synthesis Source Files Read                                                                                                        ;
+----------------------------------+-----------------+-----------------+--------------------------------------------------------------+---------+
; File Name with User-Entered Path ; Used in Netlist ; File Type       ; File Name with Absolute Path                                 ; Library ;
+----------------------------------+-----------------+-----------------+--------------------------------------------------------------+---------+
; parallel_decoder.vhd             ; yes             ; User VHDL File  ; C:/Users/goncs/Desktop/AAD_Projeto1/DEC/parallel_decoder.vhd ;         ;
; popCounter_8bit.vhd              ; yes             ; User VHDL File  ; C:/Users/goncs/Desktop/AAD_Projeto1/DEC/popCounter_8bit.vhd  ;         ;
; arithmetic.vhd                   ; yes             ; User VHDL File  ; C:/Users/goncs/Desktop/AAD_Projeto1/DEC/arithmetic.vhd       ;         ;
; simpleLogic.vhd                  ; yes             ; User VHDL File  ; C:/Users/goncs/Desktop/AAD_Projeto1/DEC/simpleLogic.vhd      ;         ;
; partial_encoder.vhd              ; yes             ; User VHDL File  ; C:/Users/goncs/Desktop/AAD_Projeto1/DEC/partial_encoder.vhd  ;         ;
+----------------------------------+-----------------+-----------------+--------------------------------------------------------------+---------+


+----------------------------------------------------------------------+
; Analysis & Synthesis Resource Usage Summary                          ;
+---------------------------------------------+------------------------+
; Resource                                    ; Usage                  ;
+---------------------------------------------+------------------------+
; Estimated Total logic elements              ; 34                     ;
;                                             ;                        ;
; Total combinational functions               ; 34                     ;
; Logic element usage by number of LUT inputs ;                        ;
;     -- 4 input functions                    ; 18                     ;
;     -- 3 input functions                    ; 2                      ;
;     -- <=2 input functions                  ; 14                     ;
;                                             ;                        ;
; Logic elements by mode                      ;                        ;
;     -- normal mode                          ; 34                     ;
;     -- arithmetic mode                      ; 0                      ;
;                                             ;                        ;
; Total registers                             ; 0                      ;
;     -- Dedicated logic registers            ; 0                      ;
;     -- I/O registers                        ; 0                      ;
;                                             ;                        ;
; I/O pins                                    ; 13                     ;
;                                             ;                        ;
; Embedded Multiplier 9-bit elements          ; 0                      ;
;                                             ;                        ;
; Maximum fan-out node                        ; m_partial_encoder[3]~0 ;
; Maximum fan-out                             ; 6                      ;
; Total fan-out                               ; 124                    ;
; Average fan-out                             ; 2.07                   ;
+---------------------------------------------+------------------------+


+-------------------------------------------------------------------------------------------------------------------------------------------------------------------------------------------------------------------------------------------------------------------------------------------------------+
; Analysis & Synthesis Resource Utilization by Entity                                                                                                                                                                                                                                                   ;
+-----------------------------------+---------------------+---------------------------+-------------+--------------+---------+-----------+------+--------------+----------------------------------------------------------------------------------------------------+--------------------+--------------+
; Compilation Hierarchy Node        ; Combinational ALUTs ; Dedicated Logic Registers ; Memory Bits ; DSP Elements ; DSP 9x9 ; DSP 18x18 ; Pins ; Virtual Pins ; Full Hierarchy Name                                                                                ; Entity Name        ; Library Name ;
+-----------------------------------+---------------------+---------------------------+-------------+--------------+---------+-----------+------+--------------+----------------------------------------------------------------------------------------------------+--------------------+--------------+
; |parallel_decoder                 ; 34 (23)             ; 0 (0)                     ; 0           ; 0            ; 0       ; 0         ; 13   ; 0            ; |parallel_decoder                                                                                  ; parallel_decoder   ; work         ;
;    |partial_encoder:part_encoder| ; 1 (1)               ; 0 (0)                     ; 0           ; 0            ; 0       ; 0         ; 0    ; 0            ; |parallel_decoder|partial_encoder:part_encoder                                                     ; partial_encoder    ; work         ;
;    |popCounter_8bit:pop|          ; 10 (0)              ; 0 (0)                     ; 0           ; 0            ; 0       ; 0         ; 0    ; 0            ; |parallel_decoder|popCounter_8bit:pop                                                              ; popCounter_8bit    ; work         ;
;       |fullAdderWoCI_2bit:fA10|   ; 2 (0)               ; 0 (0)                     ; 0           ; 0            ; 0       ; 0         ; 0    ; 0            ; |parallel_decoder|popCounter_8bit:pop|fullAdderWoCI_2bit:fA10                                      ; fullAdderWoCI_2bit ; work         ;
;          |fullAdderCLA_1bit:fA0|  ; 1 (0)               ; 0 (0)                     ; 0           ; 0            ; 0       ; 0         ; 0    ; 0            ; |parallel_decoder|popCounter_8bit:pop|fullAdderWoCI_2bit:fA10|fullAdderCLA_1bit:fA0                ; fullAdderCLA_1bit  ; work         ;
;             |gateAnd2:and20|      ; 1 (1)               ; 0 (0)                     ; 0           ; 0            ; 0       ; 0         ; 0    ; 0            ; |parallel_decoder|popCounter_8bit:pop|fullAdderWoCI_2bit:fA10|fullAdderCLA_1bit:fA0|gateAnd2:and20 ; gateAnd2           ; work         ;
;          |halfAdder_1bit:hA0|     ; 1 (0)               ; 0 (0)                     ; 0           ; 0            ; 0       ; 0         ; 0    ; 0            ; |parallel_decoder|popCounter_8bit:pop|fullAdderWoCI_2bit:fA10|halfAdder_1bit:hA0                   ; halfAdder_1bit     ; work         ;
;             |gateAnd2:and20|      ; 1 (1)               ; 0 (0)                     ; 0           ; 0            ; 0       ; 0         ; 0    ; 0            ; |parallel_decoder|popCounter_8bit:pop|fullAdderWoCI_2bit:fA10|halfAdder_1bit:hA0|gateAnd2:and20    ; gateAnd2           ; work         ;
;       |fullAdderWoCI_2bit:fA11|   ; 1 (0)               ; 0 (0)                     ; 0           ; 0            ; 0       ; 0         ; 0    ; 0            ; |parallel_decoder|popCounter_8bit:pop|fullAdderWoCI_2bit:fA11                                      ; fullAdderWoCI_2bit ; work         ;
;          |fullAdderCLA_1bit:fA0|  ; 1 (0)               ; 0 (0)                     ; 0           ; 0            ; 0       ; 0         ; 0    ; 0            ; |parallel_decoder|popCounter_8bit:pop|fullAdderWoCI_2bit:fA11|fullAdderCLA_1bit:fA0                ; fullAdderCLA_1bit  ; work         ;
;             |gateAnd2:and20|      ; 1 (1)               ; 0 (0)                     ; 0           ; 0            ; 0       ; 0         ; 0    ; 0            ; |parallel_decoder|popCounter_8bit:pop|fullAdderWoCI_2bit:fA11|fullAdderCLA_1bit:fA0|gateAnd2:and20 ; gateAnd2           ; work         ;
;       |fullAdderWoCI_3bit:fA20|   ; 4 (0)               ; 0 (0)                     ; 0           ; 0            ; 0       ; 0         ; 0    ; 0            ; |parallel_decoder|popCounter_8bit:pop|fullAdderWoCI_3bit:fA20                                      ; fullAdderWoCI_3bit ; work         ;
;          |fullAdder_1bit:fA10|    ; 3 (0)               ; 0 (0)                     ; 0           ; 0            ; 0       ; 0         ; 0    ; 0            ; |parallel_decoder|popCounter_8bit:pop|fullAdderWoCI_3bit:fA20|fullAdder_1bit:fA10                  ; fullAdder_1bit     ; work         ;
;             |gateOr2:or20|        ; 3 (3)               ; 0 (0)                     ; 0           ; 0            ; 0       ; 0         ; 0    ; 0            ; |parallel_decoder|popCounter_8bit:pop|fullAdderWoCI_3bit:fA20|fullAdder_1bit:fA10|gateOr2:or20     ; gateOr2            ; work         ;
;          |halfAdder_1bit:hA0|     ; 1 (0)               ; 0 (0)                     ; 0           ; 0            ; 0       ; 0         ; 0    ; 0            ; |parallel_decoder|popCounter_8bit:pop|fullAdderWoCI_3bit:fA20|halfAdder_1bit:hA0                   ; halfAdder_1bit     ; work         ;
;             |gateAnd2:and20|      ; 1 (1)               ; 0 (0)                     ; 0           ; 0            ; 0       ; 0         ; 0    ; 0            ; |parallel_decoder|popCounter_8bit:pop|fullAdderWoCI_3bit:fA20|halfAdder_1bit:hA0|gateAnd2:and20    ; gateAnd2           ; work         ;
;       |halfAdder_1bit:hA00|       ; 1 (0)               ; 0 (0)                     ; 0           ; 0            ; 0       ; 0         ; 0    ; 0            ; |parallel_decoder|popCounter_8bit:pop|halfAdder_1bit:hA00                                          ; halfAdder_1bit     ; work         ;
;          |gateAnd2:and20|         ; 1 (1)               ; 0 (0)                     ; 0           ; 0            ; 0       ; 0         ; 0    ; 0            ; |parallel_decoder|popCounter_8bit:pop|halfAdder_1bit:hA00|gateAnd2:and20                           ; gateAnd2           ; work         ;
;       |halfAdder_1bit:hA01|       ; 1 (0)               ; 0 (0)                     ; 0           ; 0            ; 0       ; 0         ; 0    ; 0            ; |parallel_decoder|popCounter_8bit:pop|halfAdder_1bit:hA01                                          ; halfAdder_1bit     ; work         ;
;          |gateAnd2:and20|         ; 1 (1)               ; 0 (0)                     ; 0           ; 0            ; 0       ; 0         ; 0    ; 0            ; |parallel_decoder|popCounter_8bit:pop|halfAdder_1bit:hA01|gateAnd2:and20                           ; gateAnd2           ; work         ;
;       |halfAdder_1bit:hA02|       ; 1 (0)               ; 0 (0)                     ; 0           ; 0            ; 0       ; 0         ; 0    ; 0            ; |parallel_decoder|popCounter_8bit:pop|halfAdder_1bit:hA02                                          ; halfAdder_1bit     ; work         ;
;          |gateAnd2:and20|         ; 1 (1)               ; 0 (0)                     ; 0           ; 0            ; 0       ; 0         ; 0    ; 0            ; |parallel_decoder|popCounter_8bit:pop|halfAdder_1bit:hA02|gateAnd2:and20                           ; gateAnd2           ; work         ;
+-----------------------------------+---------------------+---------------------------+-------------+--------------+---------+-----------+------+--------------+----------------------------------------------------------------------------------------------------+--------------------+--------------+
Note: For table entries with two numbers listed, the numbers in parentheses indicate the number of resources of the given type used by the specific entity alone. The numbers listed outside of parentheses indicate the total resources of the given type used by the specific entity and all of its sub-entities in the hierarchy.


+------------------------------------------------------+
; General Register Statistics                          ;
+----------------------------------------------+-------+
; Statistic                                    ; Value ;
+----------------------------------------------+-------+
; Total registers                              ; 0     ;
; Number of registers using Synchronous Clear  ; 0     ;
; Number of registers using Synchronous Load   ; 0     ;
; Number of registers using Asynchronous Clear ; 0     ;
; Number of registers using Asynchronous Load  ; 0     ;
; Number of registers using Clock Enable       ; 0     ;
; Number of registers using Preset             ; 0     ;
+----------------------------------------------+-------+


+-------------------------------------------------------------------------------------------------------------------+
; Port Connectivity Checks: "popCounter_8bit:pop"                                                                   ;
+---------+--------+----------+-------------------------------------------------------------------------------------+
; Port    ; Type   ; Severity ; Details                                                                             ;
+---------+--------+----------+-------------------------------------------------------------------------------------+
; c[1..0] ; Output ; Info     ; Connected to dangling logic. Logic that only feeds a dangling port will be removed. ;
+---------+--------+----------+-------------------------------------------------------------------------------------+


+----------------------------------------------------------+
; Port Connectivity Checks: "partial_encoder:part_encoder" ;
+------+-------+----------+--------------------------------+
; Port ; Type  ; Severity ; Details                        ;
+------+-------+----------+--------------------------------+
; m[0] ; Input ; Info     ; Stuck at GND                   ;
+------+-------+----------+--------------------------------+


+-----------------------------------------------------+
; Post-Synthesis Netlist Statistics for Top Partition ;
+-----------------------+-----------------------------+
; Type                  ; Count                       ;
+-----------------------+-----------------------------+
; boundary_port         ; 13                          ;
; cycloneiii_lcell_comb ; 35                          ;
;     normal            ; 35                          ;
;         1 data inputs ; 1                           ;
;         2 data inputs ; 14                          ;
;         3 data inputs ; 2                           ;
;         4 data inputs ; 18                          ;
;                       ;                             ;
; Max LUT depth         ; 7.00                        ;
; Average LUT depth     ; 5.95                        ;
+-----------------------+-----------------------------+


+-------------------------------+
; Elapsed Time Per Partition    ;
+----------------+--------------+
; Partition Name ; Elapsed Time ;
+----------------+--------------+
; Top            ; 00:00:00     ;
+----------------+--------------+


+-------------------------------+
; Analysis & Synthesis Messages ;
+-------------------------------+
Info: *******************************************************************
Info: Running Quartus Prime Analysis & Synthesis
    Info: Version 19.1.0 Build 670 09/22/2019 SJ Lite Edition
    Info: Processing started: Sun Nov 13 22:58:26 2022
Info: Command: quartus_map --read_settings_files=on --write_settings_files=off parallel_decoder -c parallel_decoder
Warning (18236): Number of processors has not been specified which may cause overloading on shared machines.  Set the global assignment NUM_PARALLEL_PROCESSORS in your QSF to an appropriate value for best performance.
Info (20030): Parallel compilation is enabled and will use 6 of the 6 processors detected
Info (12021): Found 2 design units, including 1 entities, in source file parallel_decoder.vhd
    Info (12022): Found design unit 1: parallel_decoder-logicFunction File: C:/Users/goncs/Desktop/AAD_Projeto1/DEC/parallel_decoder.vhd Line: 14
    Info (12023): Found entity 1: parallel_decoder File: C:/Users/goncs/Desktop/AAD_Projeto1/DEC/parallel_decoder.vhd Line: 7
Info (12021): Found 2 design units, including 1 entities, in source file popcounter_8bit.vhd
    Info (12022): Found design unit 1: popCounter_8bit-structure File: C:/Users/goncs/Desktop/AAD_Projeto1/DEC/popCounter_8bit.vhd Line: 12
    Info (12023): Found entity 1: popCounter_8bit File: C:/Users/goncs/Desktop/AAD_Projeto1/DEC/popCounter_8bit.vhd Line: 7
Info (12021): Found 14 design units, including 7 entities, in source file arithmetic.vhd
    Info (12022): Found design unit 1: halfAdder_1bit-structure File: C:/Users/goncs/Desktop/AAD_Projeto1/DEC/arithmetic.vhd Line: 12
    Info (12022): Found design unit 2: fullAdder_1bit-structure File: C:/Users/goncs/Desktop/AAD_Projeto1/DEC/arithmetic.vhd Line: 37
    Info (12022): Found design unit 3: fullAdderCLA_1bit-structure File: C:/Users/goncs/Desktop/AAD_Projeto1/DEC/arithmetic.vhd Line: 70
    Info (12022): Found design unit 4: fullAdderWoCI_2bit-structure File: C:/Users/goncs/Desktop/AAD_Projeto1/DEC/arithmetic.vhd Line: 95
    Info (12022): Found design unit 5: fullAdderWoCI_3bit-structure File: C:/Users/goncs/Desktop/AAD_Projeto1/DEC/arithmetic.vhd Line: 119
    Info (12022): Found design unit 6: fullAdderWoCI_4bit-structure File: C:/Users/goncs/Desktop/AAD_Projeto1/DEC/arithmetic.vhd Line: 148
    Info (12022): Found design unit 7: fullAdderWoCI_5bit-structure File: C:/Users/goncs/Desktop/AAD_Projeto1/DEC/arithmetic.vhd Line: 178
    Info (12023): Found entity 1: halfAdder_1bit File: C:/Users/goncs/Desktop/AAD_Projeto1/DEC/arithmetic.vhd Line: 7
    Info (12023): Found entity 2: fullAdder_1bit File: C:/Users/goncs/Desktop/AAD_Projeto1/DEC/arithmetic.vhd Line: 32
    Info (12023): Found entity 3: fullAdderCLA_1bit File: C:/Users/goncs/Desktop/AAD_Projeto1/DEC/arithmetic.vhd Line: 65
    Info (12023): Found entity 4: fullAdderWoCI_2bit File: C:/Users/goncs/Desktop/AAD_Projeto1/DEC/arithmetic.vhd Line: 89
    Info (12023): Found entity 5: fullAdderWoCI_3bit File: C:/Users/goncs/Desktop/AAD_Projeto1/DEC/arithmetic.vhd Line: 113
    Info (12023): Found entity 6: fullAdderWoCI_4bit File: C:/Users/goncs/Desktop/AAD_Projeto1/DEC/arithmetic.vhd Line: 142
    Info (12023): Found entity 7: fullAdderWoCI_5bit File: C:/Users/goncs/Desktop/AAD_Projeto1/DEC/arithmetic.vhd Line: 172
Info (12021): Found 6 design units, including 3 entities, in source file simplelogic.vhd
    Info (12022): Found design unit 1: gateAnd2-logicFunction File: C:/Users/goncs/Desktop/AAD_Projeto1/DEC/simpleLogic.vhd Line: 9
    Info (12022): Found design unit 2: gateOr2-logicFunction File: C:/Users/goncs/Desktop/AAD_Projeto1/DEC/simpleLogic.vhd Line: 22
    Info (12022): Found design unit 3: gateXOr2-logicFunction File: C:/Users/goncs/Desktop/AAD_Projeto1/DEC/simpleLogic.vhd Line: 35
    Info (12023): Found entity 1: gateAnd2 File: C:/Users/goncs/Desktop/AAD_Projeto1/DEC/simpleLogic.vhd Line: 4
    Info (12023): Found entity 2: gateOr2 File: C:/Users/goncs/Desktop/AAD_Projeto1/DEC/simpleLogic.vhd Line: 17
    Info (12023): Found entity 3: gateXOr2 File: C:/Users/goncs/Desktop/AAD_Projeto1/DEC/simpleLogic.vhd Line: 30
Info (12021): Found 2 design units, including 1 entities, in source file partial_encoder.vhd
    Info (12022): Found design unit 1: partial_encoder-structure File: C:/Users/goncs/Desktop/AAD_Projeto1/DEC/partial_encoder.vhd Line: 9
    Info (12023): Found entity 1: partial_encoder File: C:/Users/goncs/Desktop/AAD_Projeto1/DEC/partial_encoder.vhd Line: 4
Info (12127): Elaborating entity "parallel_decoder" for the top level hierarchy
Info (12128): Elaborating entity "partial_encoder" for hierarchy "partial_encoder:part_encoder" File: C:/Users/goncs/Desktop/AAD_Projeto1/DEC/parallel_decoder.vhd Line: 91
Info (12128): Elaborating entity "popCounter_8bit" for hierarchy "popCounter_8bit:pop" File: C:/Users/goncs/Desktop/AAD_Projeto1/DEC/parallel_decoder.vhd Line: 101
Info (12128): Elaborating entity "halfAdder_1bit" for hierarchy "popCounter_8bit:pop|halfAdder_1bit:hA00" File: C:/Users/goncs/Desktop/AAD_Projeto1/DEC/popCounter_8bit.vhd Line: 33
Info (12128): Elaborating entity "gateXOr2" for hierarchy "popCounter_8bit:pop|halfAdder_1bit:hA00|gateXOr2:xor20" File: C:/Users/goncs/Desktop/AAD_Projeto1/DEC/arithmetic.vhd Line: 22
Info (12128): Elaborating entity "gateAnd2" for hierarchy "popCounter_8bit:pop|halfAdder_1bit:hA00|gateAnd2:and20" File: C:/Users/goncs/Desktop/AAD_Projeto1/DEC/arithmetic.vhd Line: 23
Info (12128): Elaborating entity "fullAdderWoCI_2bit" for hierarchy "popCounter_8bit:pop|fullAdderWoCI_2bit:fA10" File: C:/Users/goncs/Desktop/AAD_Projeto1/DEC/popCounter_8bit.vhd Line: 38
Info (12128): Elaborating entity "fullAdderCLA_1bit" for hierarchy "popCounter_8bit:pop|fullAdderWoCI_2bit:fA10|fullAdderCLA_1bit:fA0" File: C:/Users/goncs/Desktop/AAD_Projeto1/DEC/arithmetic.vhd Line: 107
Info (12128): Elaborating entity "fullAdderWoCI_3bit" for hierarchy "popCounter_8bit:pop|fullAdderWoCI_3bit:fA20" File: C:/Users/goncs/Desktop/AAD_Projeto1/DEC/popCounter_8bit.vhd Line: 41
Info (12128): Elaborating entity "fullAdder_1bit" for hierarchy "popCounter_8bit:pop|fullAdderWoCI_3bit:fA20|fullAdder_1bit:fA10" File: C:/Users/goncs/Desktop/AAD_Projeto1/DEC/arithmetic.vhd Line: 135
Info (12128): Elaborating entity "gateOr2" for hierarchy "popCounter_8bit:pop|fullAdderWoCI_3bit:fA20|fullAdder_1bit:fA10|gateOr2:or20" File: C:/Users/goncs/Desktop/AAD_Projeto1/DEC/arithmetic.vhd Line: 56
Info (286030): Timing-Driven Synthesis is running
Info (16010): Generating hard_block partition "hard_block:auto_generated_inst"
    Info (16011): Adding 0 node(s), including 0 DDIO, 0 PLL, 0 transceiver and 0 LCELL
Info (21057): Implemented 47 device resources after synthesis - the final resource count might be different
    Info (21058): Implemented 8 input pins
    Info (21059): Implemented 5 output pins
    Info (21061): Implemented 34 logic cells
Info: Quartus Prime Analysis & Synthesis was successful. 0 errors, 1 warning
    Info: Peak virtual memory: 4789 megabytes
    Info: Processing ended: Sun Nov 13 22:58:36 2022
    Info: Elapsed time: 00:00:10
    Info: Total CPU time (on all processors): 00:00:24


